/storage/emulated/0/.chartboost/templates/5c77cf13a03e290a3904bcba/playable-core-v2-CBCloseButton-1892566107
/storage/emulated/0/.chartboost/templates/5c77cf13a03e290a3904bcba/chartboost-yanyuliang-blockpuzzlejewel
/storage/emulated/0/.chartboost/templates/5c77cf13a03e290a3904bcba/57e649d004b016251663a3c5.114
/storage/emulated/0/.chartboost/videos/5bfe50a16233602487484f19_320-1543393441.mp4
/storage/emulated/0/.chartboost/videos/5c07b0967f5d0a67e5afda18_320-1544007830.mp4
/storage/emulated/0/.chartboost/videos/5bfe53836233602487484f25_320-1543394180.mp4
/storage/emulated/0/.chartboost/videos/5b779c0a2b2fef36c40f90ce_320-1534565386.mp4
/storage/emulated/0/.chartboost/videos/5baa2260a222730b556ec78d_320-1537876576.mp4
/storage/emulated/0/.chartboost/videos/5bca9978a523c00bb5191d00_320-1540004216.mp4
/storage/emulated/0/.chartboost/html/playable-core-v2-CBCloseButton-1892566107
/storage/emulated/0/.chartboost/images/chartboost-yanyuliang-blockpuzzlejewel.css
/storage/emulated/0/.chartboost/images/57e649d004b016251663a3c5.114.png
/storage/emulated/0/.chartboost/images/chartboost-yanyuliang-blockpuzzlejewel.js
/storage/emulated/0/.chartboost/.adId

/data/data/com.android.vending/cache/logs/com.google.cybercheesecake2%40gmail.com.metalog/play_metalog.log
/data/data/com.android.vending/cache/logs/com.google.cybercheesecake2%40gmail.com.metalog/logs_upload_attempt.log

/data/data/com.Jump.vikingJump/cache/.chartboost/session/cb_previous_session_info
/data/data/com.Jump.vikingJump/cache/1542658731108.tmp
/data/data/com.Jump.vikingJump/shared_prefs/com.Jump.vikingJump_preferences.xml
/data/data/com.Jump.vikingJump/shared_prefs/cbPrefs.xml
/data/data/com.Jump.vikingJump/shared_prefs/WebViewChromiumPrefs.xml
/data/data/com.Jump.vikingJump/shared_prefs/admob.xml
/data/data/com.Jump.vikingJump/shared_prefs/GAMEHELPER_SHARED_PREFS.xml
/data/data/com.Jump.vikingJump/shared_prefs/com.google.android.gms.measurement.prefs.xml
/data/data/com.Jump.vikingJump/app_webview/webview_data.lock
/data/data/com.Jump.vikingJump/app_webview/Web Data
/data/data/com.Jump.vikingJump/app_webview/Web Data-journal
/data/data/com.Jump.vikingJump/app_webview/metrics_guid
/data/data/com.Jump.vikingJump/app_webview/Cookies
/data/data/com.Jump.vikingJump/app_webview/Cookies-journal
